2025-07-05 17:40:51 update gitignore
2025-11-25 05:39:45 update gitignore
2025-03-18 00:22:10 fix encoding issue
2025-07-23 13:08:05 improve performance
2025-09-10 12:02:04 cleanup dependencies
2025-01-08 06:30:57 update build script
2025-01-19 23:54:28 update logging
2025-03-29 03:54:12 fix crash issue
2025-05-18 09:31:14 restructure modules
2025-09-25 10:27:56 fix encoding issue
2025-02-11 20:40:17 add example file
2025-08-21 03:14:05 optimize function
2025-09-10 06:31:03 enhance logging
2025-06-09 10:02:29 update linter rules
2025-05-02 15:09:56 better error handling
2025-11-15 05:36:42 fix misconfiguration
2025-04-26 00:23:33 security patch
2025-09-22 12:19:37 adjust timeout
2025-07-23 03:49:39 update database schema
2025-12-23 18:58:13 patch memory leak
2025-01-29 08:18:40 fix misconfiguration
2025-12-08 21:25:52 update database schema
2025-12-17 22:16:22 enhance error reporting
2025-01-12 22:12:06 merge branch
2025-03-31 01:01:24 fix CI errors
2025-11-16 14:58:22 optimize function
2025-05-02 06:52:57 better error handling
2025-08-29 16:43:17 update headers
2025-02-26 05:07:39 update API docs
2025-08-26 12:32:13 add comments
2025-11-06 21:38:46 add helper function
2025-03-25 05:06:43 update docs with examples
2025-02-12 22:02:01 update dependencies
2025-09-21 02:30:39 cleanup dependencies
2025-08-01 10:34:02 remove test code
